#
# There is insufficient memory for the Java Runtime Environment to continue.
# Native memory allocation (malloc) failed to allocate 32744 bytes for ChunkPool::allocate
# Possible reasons:
#   The system is out of physical RAM or swap space
#   The process is running with CompressedOops enabled, and the Java Heap may be blocking the growth of the native heap
# Possible solutions:
#   Reduce memory load on the system
#   Increase physical memory or swap space
#   Check if swap backing store is full
#   Decrease Java heap size (-Xmx/-Xms)
#   Decrease number of Java threads
#   Decrease Java thread stack sizes (-Xss)
#   Set larger code cache with -XX:ReservedCodeCacheSize=
#   JVM is running with Unscaled Compressed Oops mode in which the Java heap is
#     placed in the first 4GB address space. The Java Heap base address is the
#     maximum limit for the native heap growth. Please use -XX:HeapBaseMinAddress
#     to set the Java Heap base and to place the Java Heap above 4GB virtual address.
# This output file may be truncated or incomplete.
#
#  Out of Memory Error (./open/src/hotspot/share/memory/arena.cpp:81), pid=3704, tid=2188
#
# JRE version: Java(TM) SE Runtime Environment 18.9 (11.0.14+8) (build 11.0.14+8-LTS-263)
# Java VM: Java HotSpot(TM) 64-Bit Server VM 18.9 (11.0.14+8-LTS-263, mixed mode, tiered, compressed oops, g1 gc, windows-amd64)
# No core dump will be written. Minidumps are not enabled by default on client versions of Windows
#

---------------  S U M M A R Y ------------

Command Line: -Xmx64m -Xms64m -Dorg.gradle.appname=gradlew org.gradle.wrapper.GradleWrapperMain app:installDebug -PreactNativeDevServerPort=8081

Host: Intel(R) Core(TM) i5-2410M CPU @ 2.30GHz, 4 cores, 3G,  Windows 10 , 64 bit Build 19041 (10.0.19041.1889)
Time: Thu Sep 15 02:58:06 2022 Pacific Daylight Time elapsed time: 120.856841 seconds (0d 0h 2m 0s)

---------------  T H R E A D  ---------------

Current thread (0x000001c3a3531000):  JavaThread "C1 CompilerThread0" daemon [_thread_in_native, id=2188, stack(0x000000bcd0d00000,0x000000bcd0e00000)]


Current CompileTask:
C1: 120857 1756       3       java.net.URLStreamHandler::parseURL (1201 bytes)

Stack: [0x000000bcd0d00000,0x000000bcd0e00000]
Native frames: (J=compiled Java code, j=interpreted, Vv=VM code, C=native code)
V  [jvm.dll+0x6296da]
V  [jvm.dll+0x76323f]
V  [jvm.dll+0x7648e9]
V  [jvm.dll+0x764f73]
V  [jvm.dll+0x23d7c8]
V  [jvm.dll+0xb2bdb]
V  [jvm.dll+0xb2f3c]
V  [jvm.dll+0x101756]
V  [jvm.dll+0x16831d]
V  [jvm.dll+0x167fe0]
V  [jvm.dll+0x16780c]
V  [jvm.dll+0x12e2db]
V  [jvm.dll+0x117fb0]
V  [jvm.dll+0x118140]
V  [jvm.dll+0x1183ff]
V  [jvm.dll+0x1176a4]
V  [jvm.dll+0x119577]
V  [jvm.dll+0x206e26]
V  [jvm.dll+0x204fbb]
V  [jvm.dll+0x729170]
V  [jvm.dll+0x721d44]
V  [jvm.dll+0x6285d6]
C  [ucrtbase.dll+0x21bb2]
C  [KERNEL32.DLL+0x17034]
C  [ntdll.dll+0x526a1]


---------------  P R O C E S S  ---------------

Threads class SMR info:
_java_thread_list=0x000001c3a43f3ef0, length=12, elements={
0x000001c388039800, 0x000001c3a3496800, 0x000001c3a34c3800, 0x000001c3a3518800,
0x000001c3a351a800, 0x000001c3a351c000, 0x000001c3a3520800, 0x000001c3a3531000,
0x000001c3a3534000, 0x000001c3a37ad800, 0x000001c3a423f000, 0x000001c3a429c800
}

Java Threads: ( => current thread )
  0x000001c388039800 JavaThread "main" [_thread_blocked, id=12152, stack(0x000000bcd0000000,0x000000bcd0100000)]
  0x000001c3a3496800 JavaThread "Reference Handler" daemon [_thread_blocked, id=1000, stack(0x000000bcd0700000,0x000000bcd0800000)]
  0x000001c3a34c3800 JavaThread "Finalizer" daemon [_thread_blocked, id=12844, stack(0x000000bcd0800000,0x000000bcd0900000)]
  0x000001c3a3518800 JavaThread "Signal Dispatcher" daemon [_thread_blocked, id=11328, stack(0x000000bcd0900000,0x000000bcd0a00000)]
  0x000001c3a351a800 JavaThread "Attach Listener" daemon [_thread_blocked, id=11496, stack(0x000000bcd0a00000,0x000000bcd0b00000)]
  0x000001c3a351c000 JavaThread "Service Thread" daemon [_thread_blocked, id=8312, stack(0x000000bcd0b00000,0x000000bcd0c00000)]
  0x000001c3a3520800 JavaThread "C2 CompilerThread0" daemon [_thread_in_native, id=9060, stack(0x000000bcd0c00000,0x000000bcd0d00000)]
=>0x000001c3a3531000 JavaThread "C1 CompilerThread0" daemon [_thread_in_native, id=2188, stack(0x000000bcd0d00000,0x000000bcd0e00000)]
  0x000001c3a3534000 JavaThread "Sweeper thread" daemon [_thread_blocked, id=13220, stack(0x000000bcd0e00000,0x000000bcd0f00000)]
  0x000001c3a37ad800 JavaThread "Common-Cleaner" daemon [_thread_blocked, id=3860, stack(0x000000bcd1000000,0x000000bcd1100000)]
  0x000001c3a423f000 JavaThread "pool-1-thread-1" [_thread_blocked, id=5420, stack(0x000000bcd1200000,0x000000bcd1300000)]
  0x000001c3a429c800 JavaThread "DisconnectableInputStream source reader" daemon [_thread_in_native, id=11060, stack(0x000000bcd1400000,0x000000bcd1500000)]

Other Threads:
  0x000001c3a3494000 VMThread "VM Thread" [stack: 0x000000bcd0600000,0x000000bcd0700000] [id=5384]
  0x000001c3a37aa800 WatcherThread [stack: 0x000000bcd0f00000,0x000000bcd1000000] [id=6024]
  0x000001c38804e800 GCTaskThread "GC Thread#0" [stack: 0x000000bcd0100000,0x000000bcd0200000] [id=11180]
  0x000001c3a3d56000 GCTaskThread "GC Thread#1" [stack: 0x000000bcd1100000,0x000000bcd1200000] [id=11456]
  0x000001c3a43da000 GCTaskThread "GC Thread#2" [stack: 0x000000bccfd00000,0x000000bccfe00000] [id=12764]
  0x000001c3a3df1000 GCTaskThread "GC Thread#3" [stack: 0x000000bccfe00000,0x000000bccff00000] [id=9756]
  0x000001c388055800 ConcurrentGCThread "G1 Main Marker" [stack: 0x000000bcd0200000,0x000000bcd0300000] [id=4572]
  0x000001c388057000 ConcurrentGCThread "G1 Conc#0" [stack: 0x000000bcd0300000,0x000000bcd0400000] [id=5096]
  0x000001c3880ab000 ConcurrentGCThread "G1 Refine#0" [stack: 0x000000bcd0400000,0x000000bcd0500000] [id=108]
  0x000001c3880ac000 ConcurrentGCThread "G1 Young RemSet Sampling" [stack: 0x000000bcd0500000,0x000000bcd0600000] [id=12188]

Threads with active compile tasks:
C2 CompilerThread0 120905 1762 % !   4       java.io.ObjectInputStream$BlockDataInputStream::readUTFSpan @ 53 (502 bytes)
C1 CompilerThread0 120905 1756       3       java.net.URLStreamHandler::parseURL (1201 bytes)

VM state:at safepoint (normal execution)

VM Mutex/Monitor currently owned by a thread:  ([mutex/lock_event])
[0x000001c388036d20] Threads_lock - owner thread: 0x000001c3a3494000
[0x000001c388036a50] Heap_lock - owner thread: 0x000001c388039800

Heap address: 0x00000000fc000000, size: 64 MB, Compressed Oops mode: 32-bit
Narrow klass base: 0x0000000000000000, Narrow klass shift: 3
Compressed class space size: 1073741824 Address: 0x0000000100000000

Heap:
 garbage-first heap   total 65536K, used 43774K [0x00000000fc000000, 0x0000000100000000)
  region size 1024K, 36 young (36864K), 1 survivors (1024K)
 Metaspace       used 15453K, capacity 15804K, committed 16000K, reserved 1062912K
  class space    used 1739K, capacity 1875K, committed 1920K, reserved 1048576K
Heap Regions: E=young(eden), S=young(survivor), O=old, HS=humongous(starts), HC=humongous(continues), CS=collection set, F=free, A=archive, TAMS=top-at-mark-start (previous, next)
|   0|0x00000000fc000000, 0x00000000fc000000, 0x00000000fc100000|  0%| F|  |TAMS 0x00000000fc000000, 0x00000000fc000000| Untracked 
|   1|0x00000000fc100000, 0x00000000fc100000, 0x00000000fc200000|  0%| F|  |TAMS 0x00000000fc100000, 0x00000000fc100000| Untracked 
|   2|0x00000000fc200000, 0x00000000fc200000, 0x00000000fc300000|  0%| F|  |TAMS 0x00000000fc200000, 0x00000000fc200000| Untracked 
|   3|0x00000000fc300000, 0x00000000fc400000, 0x00000000fc400000|100%|HS|  |TAMS 0x00000000fc300000, 0x00000000fc300000| Complete 
|   4|0x00000000fc400000, 0x00000000fc500000, 0x00000000fc500000|100%|HC|  |TAMS 0x00000000fc400000, 0x00000000fc400000| Complete 
|   5|0x00000000fc500000, 0x00000000fc600000, 0x00000000fc600000|100%|HC|  |TAMS 0x00000000fc500000, 0x00000000fc500000| Complete 
|   6|0x00000000fc600000, 0x00000000fc700000, 0x00000000fc700000|100%| O|  |TAMS 0x00000000fc600000, 0x00000000fc600000| Untracked 
|   7|0x00000000fc700000, 0x00000000fc800000, 0x00000000fc800000|100%| O|  |TAMS 0x00000000fc700000, 0x00000000fc700000| Untracked 
|   8|0x00000000fc800000, 0x00000000fc8bfa00, 0x00000000fc900000| 74%| O|  |TAMS 0x00000000fc800000, 0x00000000fc800000| Untracked 
|   9|0x00000000fc900000, 0x00000000fc900000, 0x00000000fca00000|  0%| F|  |TAMS 0x00000000fc900000, 0x00000000fc900000| Untracked 
|  10|0x00000000fca00000, 0x00000000fca00000, 0x00000000fcb00000|  0%| F|  |TAMS 0x00000000fca00000, 0x00000000fca00000| Untracked 
|  11|0x00000000fcb00000, 0x00000000fcb00000, 0x00000000fcc00000|  0%| F|  |TAMS 0x00000000fcb00000, 0x00000000fcb00000| Untracked 
|  12|0x00000000fcc00000, 0x00000000fcc00000, 0x00000000fcd00000|  0%| F|  |TAMS 0x00000000fcc00000, 0x00000000fcc00000| Untracked 
|  13|0x00000000fcd00000, 0x00000000fcd00000, 0x00000000fce00000|  0%| F|  |TAMS 0x00000000fcd00000, 0x00000000fcd00000| Untracked 
|  14|0x00000000fce00000, 0x00000000fce00000, 0x00000000fcf00000|  0%| F|  |TAMS 0x00000000fce00000, 0x00000000fce00000| Untracked 
|  15|0x00000000fcf00000, 0x00000000fcf00000, 0x00000000fd000000|  0%| F|  |TAMS 0x00000000fcf00000, 0x00000000fcf00000| Untracked 
|  16|0x00000000fd000000, 0x00000000fd000000, 0x00000000fd100000|  0%| F|  |TAMS 0x00000000fd000000, 0x00000000fd000000| Untracked 
|  17|0x00000000fd100000, 0x00000000fd100000, 0x00000000fd200000|  0%| F|  |TAMS 0x00000000fd100000, 0x00000000fd100000| Untracked 
|  18|0x00000000fd200000, 0x00000000fd200000, 0x00000000fd300000|  0%| F|  |TAMS 0x00000000fd200000, 0x00000000fd200000| Untracked 
|  19|0x00000000fd300000, 0x00000000fd300000, 0x00000000fd400000|  0%| F|  |TAMS 0x00000000fd300000, 0x00000000fd300000| Untracked 
|  20|0x00000000fd400000, 0x00000000fd400000, 0x00000000fd500000|  0%| F|  |TAMS 0x00000000fd400000, 0x00000000fd400000| Untracked 
|  21|0x00000000fd500000, 0x00000000fd500000, 0x00000000fd600000|  0%| F|  |TAMS 0x00000000fd500000, 0x00000000fd500000| Untracked 
|  22|0x00000000fd600000, 0x00000000fd600000, 0x00000000fd700000|  0%| F|  |TAMS 0x00000000fd600000, 0x00000000fd600000| Untracked 
|  23|0x00000000fd700000, 0x00000000fd700000, 0x00000000fd800000|  0%| F|  |TAMS 0x00000000fd700000, 0x00000000fd700000| Untracked 
|  24|0x00000000fd800000, 0x00000000fd800000, 0x00000000fd900000|  0%| F|  |TAMS 0x00000000fd800000, 0x00000000fd800000| Untracked 
|  25|0x00000000fd900000, 0x00000000fd900000, 0x00000000fda00000|  0%| F|  |TAMS 0x00000000fd900000, 0x00000000fd900000| Untracked 
|  26|0x00000000fda00000, 0x00000000fda4a568, 0x00000000fdb00000| 29%| S|  |TAMS 0x00000000fda00000, 0x00000000fda00000| Complete 
|  27|0x00000000fdb00000, 0x00000000fdc00000, 0x00000000fdc00000|100%| E|CS|TAMS 0x00000000fdb00000, 0x00000000fdb00000| Complete 
|  28|0x00000000fdc00000, 0x00000000fdd00000, 0x00000000fdd00000|100%| E|CS|TAMS 0x00000000fdc00000, 0x00000000fdc00000| Complete 
|  29|0x00000000fdd00000, 0x00000000fde00000, 0x00000000fde00000|100%| E|CS|TAMS 0x00000000fdd00000, 0x00000000fdd00000| Complete 
|  30|0x00000000fde00000, 0x00000000fdf00000, 0x00000000fdf00000|100%| E|CS|TAMS 0x00000000fde00000, 0x00000000fde00000| Complete 
|  31|0x00000000fdf00000, 0x00000000fe000000, 0x00000000fe000000|100%| E|CS|TAMS 0x00000000fdf00000, 0x00000000fdf00000| Complete 
|  32|0x00000000fe000000, 0x00000000fe100000, 0x00000000fe100000|100%| E|CS|TAMS 0x00000000fe000000, 0x00000000fe000000| Complete 
|  33|0x00000000fe100000, 0x00000000fe200000, 0x00000000fe200000|100%| E|CS|TAMS 0x00000000fe100000, 0x00000000fe100000| Complete 
|  34|0x00000000fe200000, 0x00000000fe300000, 0x00000000fe300000|100%| E|CS|TAMS 0x00000000fe200000, 0x00000000fe200000| Complete 
|  35|0x00000000fe300000, 0x00000000fe400000, 0x00000000fe400000|100%| E|CS|TAMS 0x00000000fe300000, 0x00000000fe300000| Complete 
|  36|0x00000000fe400000, 0x00000000fe500000, 0x00000000fe500000|100%| E|CS|TAMS 0x00000000fe400000, 0x00000000fe400000| Complete 
|  37|0x00000000fe500000, 0x00000000fe600000, 0x00000000fe600000|100%| E|CS|TAMS 0x00000000fe500000, 0x00000000fe500000| Complete 
|  38|0x00000000fe600000, 0x00000000fe700000, 0x00000000fe700000|100%| E|CS|TAMS 0x00000000fe600000, 0x00000000fe600000| Complete 
|  39|0x00000000fe700000, 0x00000000fe800000, 0x00000000fe800000|100%| E|CS|TAMS 0x00000000fe700000, 0x00000000fe700000| Complete 
|  40|0x00000000fe800000, 0x00000000fe900000, 0x00000000fe900000|100%| E|CS|TAMS 0x00000000fe800000, 0x00000000fe800000| Complete 
|  41|0x00000000fe900000, 0x00000000fea00000, 0x00000000fea00000|100%| E|CS|TAMS 0x00000000fe900000, 0x00000000fe900000| Complete 
|  42|0x00000000fea00000, 0x00000000feb00000, 0x00000000feb00000|100%| E|CS|TAMS 0x00000000fea00000, 0x00000000fea00000| Complete 
|  43|0x00000000feb00000, 0x00000000fec00000, 0x00000000fec00000|100%| E|CS|TAMS 0x00000000feb00000, 0x00000000feb00000| Complete 
|  44|0x00000000fec00000, 0x00000000fed00000, 0x00000000fed00000|100%| E|CS|TAMS 0x00000000fec00000, 0x00000000fec00000| Complete 
|  45|0x00000000fed00000, 0x00000000fee00000, 0x00000000fee00000|100%| E|CS|TAMS 0x00000000fed00000, 0x00000000fed00000| Complete 
|  46|0x00000000fee00000, 0x00000000fef00000, 0x00000000fef00000|100%| E|CS|TAMS 0x00000000fee00000, 0x00000000fee00000| Complete 
|  47|0x00000000fef00000, 0x00000000ff000000, 0x00000000ff000000|100%| E|CS|TAMS 0x00000000fef00000, 0x00000000fef00000| Complete 
|  48|0x00000000ff000000, 0x00000000ff100000, 0x00000000ff100000|100%| E|CS|TAMS 0x00000000ff000000, 0x00000000ff000000| Complete 
|  49|0x00000000ff100000, 0x00000000ff200000, 0x00000000ff200000|100%| E|CS|TAMS 0x00000000ff100000, 0x00000000ff100000| Complete 
|  50|0x00000000ff200000, 0x00000000ff300000, 0x00000000ff300000|100%| E|CS|TAMS 0x00000000ff200000, 0x00000000ff200000| Complete 
|  51|0x00000000ff300000, 0x00000000ff400000, 0x00000000ff400000|100%| E|CS|TAMS 0x00000000ff300000, 0x00000000ff300000| Complete 
|  52|0x00000000ff400000, 0x00000000ff500000, 0x00000000ff500000|100%| E|CS|TAMS 0x00000000ff400000, 0x00000000ff400000| Complete 
|  53|0x00000000ff500000, 0x00000000ff600000, 0x00000000ff600000|100%| E|CS|TAMS 0x00000000ff500000, 0x00000000ff500000| Complete 
|  54|0x00000000ff600000, 0x00000000ff700000, 0x00000000ff700000|100%| E|CS|TAMS 0x00000000ff600000, 0x00000000ff600000| Complete 
|  55|0x00000000ff700000, 0x00000000ff800000, 0x00000000ff800000|100%| E|CS|TAMS 0x00000000ff700000, 0x00000000ff700000| Complete 
|  56|0x00000000ff800000, 0x00000000ff900000, 0x00000000ff900000|100%| E|CS|TAMS 0x00000000ff800000, 0x00000000ff800000| Complete 
|  57|0x00000000ff900000, 0x00000000ffa00000, 0x00000000ffa00000|100%| E|CS|TAMS 0x00000000ff900000, 0x00000000ff900000| Complete 
|  58|0x00000000ffa00000, 0x00000000ffb00000, 0x00000000ffb00000|100%| E|CS|TAMS 0x00000000ffa00000, 0x00000000ffa00000| Complete 
|  59|0x00000000ffb00000, 0x00000000ffc00000, 0x00000000ffc00000|100%| E|CS|TAMS 0x00000000ffb00000, 0x00000000ffb00000| Complete 
|  60|0x00000000ffc00000, 0x00000000ffd00000, 0x00000000ffd00000|100%| E|CS|TAMS 0x00000000ffc00000, 0x00000000ffc00000| Complete 
|  61|0x00000000ffd00000, 0x00000000ffe00000, 0x00000000ffe00000|100%| E|CS|TAMS 0x00000000ffd00000, 0x00000000ffd00000| Complete 
|  62|0x00000000ffe00000, 0x00000000fff00000, 0x00000000fff00000|100%| E|CS|TAMS 0x00000000ffe00000, 0x00000000ffe00000| Complete 
|  63|0x00000000fff00000, 0x0000000100000000, 0x0000000100000000|100%| E|CS|TAMS 0x00000000fff00000, 0x00000000fff00000| Complete 

Card table byte_map: [0x000001c3a04e0000,0x000001c3a0500000] _byte_map_base: 0x000001c39fd00000

Marking Bits (Prev, Next): (CMBitMap*) 0x000001c388054498, (CMBitMap*) 0x000001c3880544d0
 Prev Bits: [0x000001c3a0520000, 0x000001c3a0620000)
 Next Bits: [0x000001c3a0620000, 0x000001c3a0720000)

Polling page: 0x000001c388120000

Metaspace:

Usage:
  Non-class:     13.60 MB capacity,    13.39 MB ( 98%) used,   193.47 KB (  1%) free+waste,    21.75 KB ( <1%) overhead. 
      Class:      1.83 MB capacity,     1.70 MB ( 93%) used,   124.29 KB (  7%) free+waste,    10.88 KB ( <1%) overhead. 
       Both:     15.43 MB capacity,    15.09 MB ( 98%) used,   317.76 KB (  2%) free+waste,    32.63 KB ( <1%) overhead. 

Virtual space:
  Non-class space:       14.00 MB reserved,      13.75 MB ( 98%) committed 
      Class space:        1.00 GB reserved,       1.88 MB ( <1%) committed 
             Both:        1.01 GB reserved,      15.63 MB (  2%) committed 

Chunk freelists:
   Non-Class:  2.88 KB
       Class:  1.63 KB
        Both:  4.50 KB

CodeHeap 'non-profiled nmethods': size=120064Kb used=731Kb max_used=731Kb free=119332Kb
 bounds [0x000001c398950000, 0x000001c398bc0000, 0x000001c39fe90000]
CodeHeap 'profiled nmethods': size=120000Kb used=3298Kb max_used=3298Kb free=116701Kb
 bounds [0x000001c391420000, 0x000001c391760000, 0x000001c398950000]
CodeHeap 'non-nmethods': size=5696Kb used=1107Kb max_used=1134Kb free=4589Kb
 bounds [0x000001c390e90000, 0x000001c391100000, 0x000001c391420000]
 total_blobs=2182 nmethods=1755 adapters=339
 compilation: enabled
              stopped_count=0, restarted_count=0
 full_count=0

Compilation events (10 events):
Event: 120.812 Thread 0x000001c3a3531000 1751       3       java.lang.Class::searchMethods (104 bytes)
Event: 120.814 Thread 0x000001c3a3531000 nmethod 1751 0x000001c391756e10 code [0x000001c391757060, 0x000001c391757ab8]
Event: 120.814 Thread 0x000001c3a3531000 1752       3       java.util.StringJoiner::getChars (15 bytes)
Event: 120.814 Thread 0x000001c3a3531000 nmethod 1752 0x000001c391757f10 code [0x000001c3917580c0, 0x000001c391758308]
Event: 120.814 Thread 0x000001c3a3531000 1755       3       sun.net.www.protocol.file.Handler::parseURL (18 bytes)
Event: 120.815 Thread 0x000001c3a3520800 1757       4       java.lang.reflect.Method::invoke (65 bytes)
Event: 120.815 Thread 0x000001c3a3531000 nmethod 1755 0x000001c391758490 code [0x000001c391758640, 0x000001c3917587d8]
Event: 120.815 Thread 0x000001c3a3531000 1756       3       java.net.URLStreamHandler::parseURL (1201 bytes)
Event: 120.819 Thread 0x000001c3a3520800 nmethod 1757 0x000001c398a06010 code [0x000001c398a061c0, 0x000001c398a06418]
Event: 120.819 Thread 0x000001c3a3520800 1759 %     4       java.lang.AbstractStringBuilder::appendChars @ 26 (130 bytes)

GC Heap History (2 events):
Event: 1.097 GC heap before
{Heap before GC invocations=0 (full 0):
 garbage-first heap   total 65536K, used 19456K [0x00000000fc000000, 0x0000000100000000)
  region size 1024K, 14 young (14336K), 0 survivors (0K)
 Metaspace       used 8054K, capacity 8246K, committed 8576K, reserved 1056768K
  class space    used 743K, capacity 788K, committed 896K, reserved 1048576K
}
Event: 1.107 GC heap after
{Heap after GC invocations=1 (full 0):
 garbage-first heap   total 65536K, used 7934K [0x00000000fc000000, 0x0000000100000000)
  region size 1024K, 2 young (2048K), 2 survivors (2048K)
 Metaspace       used 8054K, capacity 8246K, committed 8576K, reserved 1056768K
  class space    used 743K, capacity 788K, committed 896K, reserved 1048576K
}

Deoptimization events (10 events):
Event: 119.772 Thread 0x000001c3a423f000 Uncommon trap: reason=unstable_if action=reinterpret pc=0x000001c3989b4364 method=org.gradle.internal.logging.text.AbstractLineChoppingStyledTextOutput$2.execute(Lorg/gradle/internal/logging/text/AbstractLineChoppingStyledTextOutput$StateContext;)V @ 30 c
Event: 119.773 Thread 0x000001c3a423f000 Uncommon trap: reason=unstable_if action=reinterpret pc=0x000001c3989b375c method=org.gradle.internal.logging.text.AbstractLineChoppingStyledTextOutput$2.execute(Lorg/gradle/internal/logging/text/AbstractLineChoppingStyledTextOutput$StateContext;)V @ 30 c
Event: 119.774 Thread 0x000001c3a423f000 Uncommon trap: reason=unstable_if action=reinterpret pc=0x000001c3989b4eb4 method=org.gradle.internal.logging.text.AbstractLineChoppingStyledTextOutput$2.execute(Lorg/gradle/internal/logging/text/AbstractLineChoppingStyledTextOutput$StateContext;)V @ 30 c
Event: 120.177 Thread 0x000001c388039800 Uncommon trap: reason=unstable_if action=reinterpret pc=0x000001c3989f38cc method=org.gradle.internal.logging.serializer.ProgressStartEventSerializer.read(Lorg/gradle/internal/serialize/Decoder;)Lorg/gradle/internal/logging/events/ProgressStartEvent; @ 31
Event: 120.544 Thread 0x000001c388039800 Uncommon trap: reason=unstable_if action=reinterpret pc=0x000001c39899fda8 method=java.util.concurrent.ConcurrentHashMap.putVal(Ljava/lang/Object;Ljava/lang/Object;Z)Ljava/lang/Object; @ 231 c2
Event: 120.559 Thread 0x000001c388039800 Uncommon trap: reason=class_check action=maybe_recompile pc=0x000001c3989e2180 method=jdk.internal.reflect.DelegatingMethodAccessorImpl.invoke(Ljava/lang/Object;[Ljava/lang/Object;)Ljava/lang/Object; @ 6 c2
Event: 120.612 Thread 0x000001c388039800 Uncommon trap: reason=unstable_if action=reinterpret pc=0x000001c3989d50a4 method=java.lang.reflect.AccessibleObject.checkCanSetAccessible(Ljava/lang/Class;Ljava/lang/Class;Z)Z @ 30 c2
Event: 120.639 Thread 0x000001c388039800 Uncommon trap: reason=class_check action=maybe_recompile pc=0x000001c3989e2180 method=jdk.internal.reflect.DelegatingMethodAccessorImpl.invoke(Ljava/lang/Object;[Ljava/lang/Object;)Ljava/lang/Object; @ 6 c2
Event: 120.683 Thread 0x000001c388039800 Uncommon trap: reason=class_check action=maybe_recompile pc=0x000001c3989e2180 method=jdk.internal.reflect.DelegatingMethodAccessorImpl.invoke(Ljava/lang/Object;[Ljava/lang/Object;)Ljava/lang/Object; @ 6 c2
Event: 120.684 Thread 0x000001c388039800 Uncommon trap: reason=class_check action=maybe_recompile pc=0x000001c3989e2180 method=jdk.internal.reflect.DelegatingMethodAccessorImpl.invoke(Ljava/lang/Object;[Ljava/lang/Object;)Ljava/lang/Object; @ 6 c2

Classes redefined (0 events):
No events

Internal exceptions (10 events):
Event: 1.775 Thread 0x000001c388039800 Implicit null exception at 0x000001c39898fed5 to 0x000001c3989900d0
Event: 1.878 Thread 0x000001c388039800 Exception <a 'java/lang/NoSuchMethodError'{0x00000000fed2cd58}: java.lang.invoke.DirectMethodHandle$Holder.invokeStaticInit(Ljava/lang/Object;IIII)Ljava/lang/Object;> (0x00000000fed2cd58) thrown at [./open/src/hotspot/share/interpreter/linkResolver.cpp, l
Event: 2.097 Thread 0x000001c388039800 Exception <a 'java/lang/NoSuchMethodError'{0x00000000fed4c550}: java.lang.invoke.DirectMethodHandle$Holder.invokeStaticInit(Ljava/lang/Object;Ljava/lang/Object;IIII)Ljava/lang/Object;> (0x00000000fed4c550) thrown at [./open/src/hotspot/share/interpreter/l
Event: 120.620 Thread 0x000001c388039800 Exception <a 'java/lang/NoSuchMethodError'{0x00000000fdc6a3c8}: static Lorg/gradle/tooling/internal/provider/serialization/ClassLoaderDetails;.<clinit>()V> (0x00000000fdc6a3c8) thrown at [./open/src/hotspot/share/prims/jni.cpp, line 1366]
Event: 120.644 Thread 0x000001c388039800 Exception <a 'java/lang/NoSuchMethodError'{0x00000000fdcdfb00}: static Lorg/gradle/internal/classloader/ClassLoaderSpec;.<clinit>()V> (0x00000000fdcdfb00) thrown at [./open/src/hotspot/share/prims/jni.cpp, line 1366]
Event: 120.649 Thread 0x000001c388039800 Exception <a 'java/lang/NoSuchMethodError'{0x00000000fdceb520}: static Lorg/gradle/tooling/internal/provider/serialization/WellKnownClassLoaderRegistry$KnownClassLoaderSpec;.<clinit>()V> (0x00000000fdceb520) thrown at [./open/src/hotspot/share/prims/jni.c
Event: 120.687 Thread 0x000001c388039800 Exception <a 'java/lang/NoSuchMethodError'{0x00000000fdb03ac0}: static Lorg/gradle/internal/classloader/ClassLoaderSpec;.<clinit>()V> (0x00000000fdb03ac0) thrown at [./open/src/hotspot/share/prims/jni.cpp, line 1366]
Event: 120.690 Thread 0x000001c388039800 Exception <a 'java/lang/NoSuchMethodError'{0x00000000fdb13d98}: static Lorg/gradle/internal/classloader/VisitableURLClassLoader$Spec;.<clinit>()V> (0x00000000fdb13d98) thrown at [./open/src/hotspot/share/prims/jni.cpp, line 1366]
Event: 120.804 Thread 0x000001c388039800 Exception <a 'java/lang/NoSuchMethodError'{0x00000000fdba5740}: static Lorg/gradle/internal/classloader/FilteringClassLoader$Spec;.<clinit>()V> (0x00000000fdba5740) thrown at [./open/src/hotspot/share/prims/jni.cpp, line 1366]
Event: 120.813 Thread 0x000001c388039800 Exception <a 'java/lang/NoSuchMethodError'{0x00000000fdbc3ed0}: static Lorg/gradle/internal/classloader/CachingClassLoader$Spec;.<clinit>()V> (0x00000000fdbc3ed0) thrown at [./open/src/hotspot/share/prims/jni.cpp, line 1366]

Events (10 events):
Event: 120.745 Executing VM operation: BulkRevokeBias
Event: 120.746 Executing VM operation: BulkRevokeBias done
Event: 120.773 loading class java/io/ObjectStreamClass$ExceptionInfo
Event: 120.773 loading class java/io/ObjectStreamClass$ExceptionInfo done
Event: 120.797 loading class org/gradle/internal/classloader/FilteringClassLoader$Spec
Event: 120.797 loading class org/gradle/internal/classloader/FilteringClassLoader$Spec done
Event: 120.810 loading class org/gradle/internal/classloader/CachingClassLoader$Spec
Event: 120.810 loading class org/gradle/internal/classloader/CachingClassLoader$Spec done
Event: 120.822 loading class org/gradle/tooling/internal/provider/serialization/SerializedPayload
Event: 120.822 loading class org/gradle/tooling/internal/provider/serialization/SerializedPayload done


Dynamic libraries:
0x00007ff646240000 - 0x00007ff64624f000 	C:\Program Files\Java\jdk-11.0.14\bin\java.exe
0x00007ffb76690000 - 0x00007ffb76888000 	C:\Windows\SYSTEM32\ntdll.dll
0x00007ffb76310000 - 0x00007ffb763cd000 	C:\Windows\System32\KERNEL32.DLL
0x00007ffb74110000 - 0x00007ffb743de000 	C:\Windows\System32\KERNELBASE.dll
0x00007ffb745f0000 - 0x00007ffb746f0000 	C:\Windows\System32\ucrtbase.dll
0x00007ffb67f00000 - 0x00007ffb67f15000 	C:\Program Files\Java\jdk-11.0.14\bin\VCRUNTIME140.dll
0x00007ffb69a70000 - 0x00007ffb69a88000 	C:\Program Files\Java\jdk-11.0.14\bin\jli.dll
0x00007ffb74780000 - 0x00007ffb7482e000 	C:\Windows\System32\ADVAPI32.dll
0x00007ffb76480000 - 0x00007ffb7651e000 	C:\Windows\System32\msvcrt.dll
0x00007ffb753d0000 - 0x00007ffb7546c000 	C:\Windows\System32\sechost.dll
0x00007ffb76520000 - 0x00007ffb76645000 	C:\Windows\System32\RPCRT4.dll
0x00007ffb75630000 - 0x00007ffb757d0000 	C:\Windows\System32\USER32.dll
0x00007ffb73e00000 - 0x00007ffb73e22000 	C:\Windows\System32\win32u.dll
0x00007ffb67630000 - 0x00007ffb678ca000 	C:\Windows\WinSxS\amd64_microsoft.windows.common-controls_6595b64144ccf1df_6.0.19041.1110_none_60b5254171f9507e\COMCTL32.dll
0x00007ffb76120000 - 0x00007ffb7614a000 	C:\Windows\System32\GDI32.dll
0x00007ffb74470000 - 0x00007ffb7457b000 	C:\Windows\System32\gdi32full.dll
0x00007ffb73e30000 - 0x00007ffb73ecd000 	C:\Windows\System32\msvcp_win.dll
0x00007ffb68e30000 - 0x00007ffb68e3a000 	C:\Windows\SYSTEM32\VERSION.dll
0x00007ffb76270000 - 0x00007ffb762a0000 	C:\Windows\System32\IMM32.DLL
0x00007ffb5f8b0000 - 0x00007ffb5f94b000 	C:\Program Files\Java\jdk-11.0.14\bin\msvcp140.dll
0x00007ffb2d980000 - 0x00007ffb2e496000 	C:\Program Files\Java\jdk-11.0.14\bin\server\jvm.dll
0x00007ffb75470000 - 0x00007ffb75478000 	C:\Windows\System32\PSAPI.DLL
0x00007ffb6eab0000 - 0x00007ffb6eab9000 	C:\Windows\SYSTEM32\WSOCK32.dll
0x00007ffb690a0000 - 0x00007ffb690c7000 	C:\Windows\SYSTEM32\WINMM.dll
0x00007ffb76050000 - 0x00007ffb760bb000 	C:\Windows\System32\WS2_32.dll
0x00007ffb71ca0000 - 0x00007ffb71cb2000 	C:\Windows\SYSTEM32\kernel.appcore.dll
0x00007ffb6c2d0000 - 0x00007ffb6c2e0000 	C:\Program Files\Java\jdk-11.0.14\bin\verify.dll
0x00007ffb6d9e0000 - 0x00007ffb6dbc4000 	C:\Windows\SYSTEM32\DBGHELP.DLL
0x00007ffb6d8f0000 - 0x00007ffb6d91c000 	C:\Windows\SYSTEM32\dbgcore.DLL
0x00007ffb743e0000 - 0x00007ffb74462000 	C:\Windows\System32\bcryptPrimitives.dll
0x00007ffb67ed0000 - 0x00007ffb67ef8000 	C:\Program Files\Java\jdk-11.0.14\bin\java.dll
0x00007ffb6c240000 - 0x00007ffb6c24a000 	C:\Program Files\Java\jdk-11.0.14\bin\jimage.dll
0x00007ffb5fc50000 - 0x00007ffb5fc66000 	C:\Program Files\Java\jdk-11.0.14\bin\zip.dll
0x00007ffb75830000 - 0x00007ffb75f73000 	C:\Windows\System32\SHELL32.dll
0x00007ffb71ea0000 - 0x00007ffb72635000 	C:\Windows\SYSTEM32\windows.storage.dll
0x00007ffb74cc0000 - 0x00007ffb75014000 	C:\Windows\System32\combase.dll
0x00007ffb73740000 - 0x00007ffb73770000 	C:\Windows\SYSTEM32\Wldp.dll
0x00007ffb763d0000 - 0x00007ffb7647d000 	C:\Windows\System32\SHCORE.dll
0x00007ffb762a0000 - 0x00007ffb762f5000 	C:\Windows\System32\shlwapi.dll
0x00007ffb73cf0000 - 0x00007ffb73d0f000 	C:\Windows\SYSTEM32\profapi.dll
0x00007ffb5dbd0000 - 0x00007ffb5dbe9000 	C:\Program Files\Java\jdk-11.0.14\bin\net.dll
0x00007ffb6aef0000 - 0x00007ffb6affa000 	C:\Windows\SYSTEM32\WINHTTP.dll
0x00007ffb734a0000 - 0x00007ffb7350a000 	C:\Windows\system32\mswsock.dll
0x00007ffb5d9f0000 - 0x00007ffb5da02000 	C:\Program Files\Java\jdk-11.0.14\bin\nio.dll
0x00007ffb5d6d0000 - 0x00007ffb5d6fa000 	C:\Users\Sian\.gradle\native\36\windows-amd64\native-platform.dll
0x00007ffb6dec0000 - 0x00007ffb6deca000 	C:\Users\Sian\.gradle\native\jansi\1.18\windows64\jansi.dll
0x00007ffb6bd70000 - 0x00007ffb6bd79000 	C:\Program Files\Java\jdk-11.0.14\bin\management.dll
0x00007ffb683b0000 - 0x00007ffb683bb000 	C:\Program Files\Java\jdk-11.0.14\bin\management_ext.dll
0x00007ffb73690000 - 0x00007ffb736a8000 	C:\Windows\SYSTEM32\CRYPTSP.dll
0x00007ffb72e20000 - 0x00007ffb72e54000 	C:\Windows\system32\rsaenh.dll
0x00007ffb73ed0000 - 0x00007ffb73ef7000 	C:\Windows\System32\bcrypt.dll
0x00007ffb73cb0000 - 0x00007ffb73cde000 	C:\Windows\SYSTEM32\USERENV.dll
0x00007ffb736b0000 - 0x00007ffb736bc000 	C:\Windows\SYSTEM32\CRYPTBASE.dll
0x00007ffb73190000 - 0x00007ffb731cb000 	C:\Windows\SYSTEM32\IPHLPAPI.DLL
0x00007ffb76300000 - 0x00007ffb76308000 	C:\Windows\System32\NSI.dll
0x00007ffb6ce50000 - 0x00007ffb6ce67000 	C:\Windows\SYSTEM32\dhcpcsvc6.DLL
0x00007ffb6d450000 - 0x00007ffb6d46d000 	C:\Windows\SYSTEM32\dhcpcsvc.DLL
0x00007ffb731d0000 - 0x00007ffb7329a000 	C:\Windows\SYSTEM32\DNSAPI.dll

dbghelp: loaded successfully - version: 4.0.5 - missing functions: none
symbol engine: initialized successfully - sym options: 0x614 - pdb path: .;C:\Program Files\Java\jdk-11.0.14\bin;C:\Windows\SYSTEM32;C:\Windows\WinSxS\amd64_microsoft.windows.common-controls_6595b64144ccf1df_6.0.19041.1110_none_60b5254171f9507e;C:\Program Files\Java\jdk-11.0.14\bin\server;C:\Users\Sian\.gradle\native\36\windows-amd64;C:\Users\Sian\.gradle\native\jansi\1.18\windows64

VM Arguments:
jvm_args: -Xmx64m -Xms64m -Dorg.gradle.appname=gradlew 
java_command: org.gradle.wrapper.GradleWrapperMain app:installDebug -PreactNativeDevServerPort=8081
java_class_path (initial): F:\Projects\react-native-ecommerce\android\\gradle\wrapper\gradle-wrapper.jar
Launcher Type: SUN_STANDARD

[Global flags]
     intx CICompilerCount                          = 3                                         {product} {ergonomic}
     uint ConcGCThreads                            = 1                                         {product} {ergonomic}
     uint G1ConcRefinementThreads                  = 4                                         {product} {ergonomic}
   size_t G1HeapRegionSize                         = 1048576                                   {product} {ergonomic}
    uintx GCDrainStackTargetSize                   = 64                                        {product} {ergonomic}
   size_t InitialHeapSize                          = 67108864                                  {product} {command line}
   size_t MarkStackSize                            = 4194304                                   {product} {ergonomic}
   size_t MaxHeapSize                              = 67108864                                  {product} {command line}
   size_t MaxNewSize                               = 39845888                                  {product} {ergonomic}
   size_t MinHeapDeltaBytes                        = 1048576                                   {product} {ergonomic}
    uintx NonNMethodCodeHeapSize                   = 5830732                                {pd product} {ergonomic}
    uintx NonProfiledCodeHeapSize                  = 122913754                              {pd product} {ergonomic}
    uintx ProfiledCodeHeapSize                     = 122913754                              {pd product} {ergonomic}
    uintx ReservedCodeCacheSize                    = 251658240                              {pd product} {ergonomic}
     bool SegmentedCodeCache                       = true                                      {product} {ergonomic}
     bool UseCompressedClassPointers               = true                                 {lp64_product} {ergonomic}
     bool UseCompressedOops                        = true                                 {lp64_product} {ergonomic}
     bool UseG1GC                                  = true                                      {product} {ergonomic}
     bool UseLargePagesIndividualAllocation        = false                                  {pd product} {ergonomic}

Logging:
Log output configuration:
 #0: stdout all=warning uptime,level,tags
 #1: stderr all=off uptime,level,tags

Environment Variables:
CLASSPATH=F:\Projects\react-native-ecommerce\android\\gradle\wrapper\gradle-wrapper.jar
PATH=F:\Projects\react-native-ecommerce\android\node_modules\.bin;F:\Projects\react-native-ecommerce\node_modules\.bin;F:\Projects\node_modules\.bin;F:\node_modules\.bin;C:\Program Files\nodejs;F:\Projects\react-native-ecommerce\node_modules\.bin;F:\Projects\react-native-ecommerce\node_modules\.bin;F:\Projects\node_modules\.bin;F:\node_modules\.bin;C:\Users\Sian\AppData\Roaming\npm\node_modules\npm\node_modules\@npmcli\run-script\lib\node-gyp-bin;C:\Program Files\Common Files\Oracle\Java\javapath;C:\Windows\system32;C:\Windows;C:\Windows\System32\Wbem;C:\Windows\System32\WindowsPowerShell\v1.0\;C:\Windows\System32\OpenSSH\;C:\Program Files\Git\cmd;C:\Users\Sian\AppData\Local\Android\Sdk;C:\Program Files\MongoDB\Server\5.0\bin;C:\Users\Sian\AppData\Roaming\nvm;C:\Program Files\nodejs;C:\Program Files\nodejs\;C:\Users\Sian\AppData\Local\Microsoft\WindowsApps;C:\Users\Sian\AppData\Local\Programs\Microsoft VS Code\bin;C:\Users\Sian\AppData\Local\GitHubDesktop\bin;C:\Users\Sian\AppData\Local\Android\Sdk\platform-tools;C:\Users\Sian\AppData\Roaming\nvm;C:\Program Files\nodejs;C:\Users\Sian\AppData\Roaming\npm;C:\Program Files\heroku\bin;C:\Program Files\Java\jdk-11.0.14\bin;
USERNAME=Sian
OS=Windows_NT
PROCESSOR_IDENTIFIER=Intel64 Family 6 Model 42 Stepping 7, GenuineIntel



---------------  S Y S T E M  ---------------

OS: Windows 10 , 64 bit Build 19041 (10.0.19041.1889)

CPU:total 4 (initial active 4) (2 cores per cpu, 2 threads per core) family 6 model 42 stepping 7 microcode 0x2f, cmov, cx8, fxsr, mmx, sse, sse2, sse3, ssse3, sse4.1, sse4.2, popcnt, avx, aes, clmul, ht, tsc, tscinvbit

Memory: 4k page, system-wide physical 4043M (271M free)
TotalPageFile size 16331M (AvailPageFile size 0M)
current process WorkingSet (physical memory assigned to process): 41M, peak: 80M
current process commit charge ("private bytes"): 153M, peak: 159M

vm_info: Java HotSpot(TM) 64-Bit Server VM (11.0.14+8-LTS-263) for windows-amd64 JRE (11.0.14+8-LTS-263), built on Dec  7 2021 21:53:57 by "mach5one" with MS VC++ 15.9 (VS2017)

END.
